<?xml version="1.0" encoding="UTF-8"?>
<testsuite xmlns:xsi="http://www.w3.org/2001/XMLSchema-instance" xsi:noNamespaceSchemaLocation="https://maven.apache.org/surefire/maven-surefire-plugin/xsd/surefire-test-report.xsd" name="com.hedgehogkb.AppTest" time="0.03" tests="1" errors="0" skipped="0" failures="0">
  <properties>
    <property name="java.specification.version" value="24"/>
    <property name="sun.cpu.isalist" value="amd64"/>
    <property name="sun.jnu.encoding" value="Cp1252"/>
    <property name="java.class.path" value="C:\Users\kereb\OneDrive\Documents\Java Projects\npcdialogue\target\test-classes;C:\Users\kereb\OneDrive\Documents\Java Projects\npcdialogue\target\classes;C:\Users\kereb\.m2\repository\junit\junit\4.11\junit-4.11.jar;C:\Users\kereb\.m2\repository\org\hamcrest\hamcrest-core\1.3\hamcrest-core-1.3.jar;C:\Users\kereb\.m2\repository\org\json\json\20250107\json-20250107.jar;C:\Users\kereb\.m2\repository\org\apache\maven\plugins\maven-assembly-plugin\3.7.1\maven-assembly-plugin-3.7.1.jar;C:\Users\kereb\.m2\repository\org\apache\maven\resolver\maven-resolver-util\1.4.1\maven-resolver-util-1.4.1.jar;C:\Users\kereb\.m2\repository\org\apache\maven\resolver\maven-resolver-api\1.4.1\maven-resolver-api-1.4.1.jar;C:\Users\kereb\.m2\repository\org\apache\maven\shared\maven-common-artifact-filters\3.3.2\maven-common-artifact-filters-3.3.2.jar;C:\Users\kereb\.m2\repository\org\slf4j\slf4j-api\1.7.36\slf4j-api-1.7.36.jar;C:\Users\kereb\.m2\repository\org\codehaus\plexus\plexus-interpolation\1.27\plexus-interpolation-1.27.jar;C:\Users\kereb\.m2\repository\commons-io\commons-io\2.15.1\commons-io-2.15.1.jar;C:\Users\kereb\.m2\repository\org\apache\maven\shared\maven-filtering\3.3.2\maven-filtering-3.3.2.jar;C:\Users\kereb\.m2\repository\javax\inject\javax.inject\1\javax.inject-1.jar;C:\Users\kereb\.m2\repository\org\sonatype\plexus\plexus-build-api\0.0.7\plexus-build-api-0.0.7.jar;C:\Users\kereb\.m2\repository\org\apache\commons\commons-lang3\3.14.0\commons-lang3-3.14.0.jar;C:\Users\kereb\.m2\repository\org\codehaus\plexus\plexus-io\3.4.2\plexus-io-3.4.2.jar;C:\Users\kereb\.m2\repository\org\codehaus\plexus\plexus-archiver\4.9.2\plexus-archiver-4.9.2.jar;C:\Users\kereb\.m2\repository\org\apache\commons\commons-compress\1.26.1\commons-compress-1.26.1.jar;C:\Users\kereb\.m2\repository\commons-codec\commons-codec\1.16.1\commons-codec-1.16.1.jar;C:\Users\kereb\.m2\repository\org\iq80\snappy\snappy\0.4\snappy-0.4.jar;C:\Users\kereb\.m2\repository\org\tukaani\xz\1.9\xz-1.9.jar;C:\Users\kereb\.m2\repository\com\github\luben\zstd-jni\1.5.5-11\zstd-jni-1.5.5-11.jar;C:\Users\kereb\.m2\repository\org\apache\maven\maven-archiver\3.6.1\maven-archiver-3.6.1.jar;C:\Users\kereb\.m2\repository\org\codehaus\plexus\plexus-utils\4.0.0\plexus-utils-4.0.0.jar;C:\Users\kereb\.m2\repository\org\codehaus\plexus\plexus-xml\3.0.0\plexus-xml-3.0.0.jar;"/>
    <property name="java.vm.vendor" value="Oracle Corporation"/>
    <property name="sun.arch.data.model" value="64"/>
    <property name="user.variant" value=""/>
    <property name="java.vendor.url" value="https://java.oracle.com/"/>
    <property name="user.timezone" value="America/New_York"/>
    <property name="os.name" value="Windows 10"/>
    <property name="java.vm.specification.version" value="24"/>
    <property name="sun.java.launcher" value="SUN_STANDARD"/>
    <property name="user.country" value="US"/>
    <property name="sun.boot.library.path" value="C:\Program Files\Java\jdk-24\bin"/>
    <property name="sun.java.command" value="C:\Users\kereb\AppData\Local\Temp\surefire6733915569734389609\surefirebooter12075391792414775206.jar C:\Users\kereb\AppData\Local\Temp\surefire6733915569734389609 2025-06-08T00-09-02_473-jvmRun1 surefire3548896883126583602tmp surefire_05797235924083886471tmp"/>
    <property name="jdk.debug" value="release"/>
    <property name="surefire.test.class.path" value="C:\Users\kereb\OneDrive\Documents\Java Projects\npcdialogue\target\test-classes;C:\Users\kereb\OneDrive\Documents\Java Projects\npcdialogue\target\classes;C:\Users\kereb\.m2\repository\junit\junit\4.11\junit-4.11.jar;C:\Users\kereb\.m2\repository\org\hamcrest\hamcrest-core\1.3\hamcrest-core-1.3.jar;C:\Users\kereb\.m2\repository\org\json\json\20250107\json-20250107.jar;C:\Users\kereb\.m2\repository\org\apache\maven\plugins\maven-assembly-plugin\3.7.1\maven-assembly-plugin-3.7.1.jar;C:\Users\kereb\.m2\repository\org\apache\maven\resolver\maven-resolver-util\1.4.1\maven-resolver-util-1.4.1.jar;C:\Users\kereb\.m2\repository\org\apache\maven\resolver\maven-resolver-api\1.4.1\maven-resolver-api-1.4.1.jar;C:\Users\kereb\.m2\repository\org\apache\maven\shared\maven-common-artifact-filters\3.3.2\maven-common-artifact-filters-3.3.2.jar;C:\Users\kereb\.m2\repository\org\slf4j\slf4j-api\1.7.36\slf4j-api-1.7.36.jar;C:\Users\kereb\.m2\repository\org\codehaus\plexus\plexus-interpolation\1.27\plexus-interpolation-1.27.jar;C:\Users\kereb\.m2\repository\commons-io\commons-io\2.15.1\commons-io-2.15.1.jar;C:\Users\kereb\.m2\repository\org\apache\maven\shared\maven-filtering\3.3.2\maven-filtering-3.3.2.jar;C:\Users\kereb\.m2\repository\javax\inject\javax.inject\1\javax.inject-1.jar;C:\Users\kereb\.m2\repository\org\sonatype\plexus\plexus-build-api\0.0.7\plexus-build-api-0.0.7.jar;C:\Users\kereb\.m2\repository\org\apache\commons\commons-lang3\3.14.0\commons-lang3-3.14.0.jar;C:\Users\kereb\.m2\repository\org\codehaus\plexus\plexus-io\3.4.2\plexus-io-3.4.2.jar;C:\Users\kereb\.m2\repository\org\codehaus\plexus\plexus-archiver\4.9.2\plexus-archiver-4.9.2.jar;C:\Users\kereb\.m2\repository\org\apache\commons\commons-compress\1.26.1\commons-compress-1.26.1.jar;C:\Users\kereb\.m2\repository\commons-codec\commons-codec\1.16.1\commons-codec-1.16.1.jar;C:\Users\kereb\.m2\repository\org\iq80\snappy\snappy\0.4\snappy-0.4.jar;C:\Users\kereb\.m2\repository\org\tukaani\xz\1.9\xz-1.9.jar;C:\Users\kereb\.m2\repository\com\github\luben\zstd-jni\1.5.5-11\zstd-jni-1.5.5-11.jar;C:\Users\kereb\.m2\repository\org\apache\maven\maven-archiver\3.6.1\maven-archiver-3.6.1.jar;C:\Users\kereb\.m2\repository\org\codehaus\plexus\plexus-utils\4.0.0\plexus-utils-4.0.0.jar;C:\Users\kereb\.m2\repository\org\codehaus\plexus\plexus-xml\3.0.0\plexus-xml-3.0.0.jar;"/>
    <property name="sun.cpu.endian" value="little"/>
    <property name="user.home" value="C:\Users\kereb"/>
    <property name="user.language" value="en"/>
    <property name="java.specification.vendor" value="Oracle Corporation"/>
    <property name="java.version.date" value="2025-03-18"/>
    <property name="java.home" value="C:\Program Files\Java\jdk-24"/>
    <property name="file.separator" value="\"/>
    <property name="basedir" value="C:\Users\kereb\OneDrive\Documents\Java Projects\npcdialogue"/>
    <property name="java.vm.compressedOopsMode" value="Zero based"/>
    <property name="line.separator" value="&#10;"/>
    <property name="java.vm.specification.vendor" value="Oracle Corporation"/>
    <property name="java.specification.name" value="Java Platform API Specification"/>
    <property name="surefire.real.class.path" value="C:\Users\kereb\AppData\Local\Temp\surefire6733915569734389609\surefirebooter12075391792414775206.jar"/>
    <property name="user.script" value=""/>
    <property name="sun.management.compiler" value="HotSpot 64-Bit Tiered Compilers"/>
    <property name="java.runtime.version" value="24+36-3646"/>
    <property name="user.name" value="kereb"/>
    <property name="stdout.encoding" value="Cp1252"/>
    <property name="path.separator" value=";"/>
    <property name="os.version" value="10.0"/>
    <property name="java.runtime.name" value="Java(TM) SE Runtime Environment"/>
    <property name="file.encoding" value="UTF-8"/>
    <property name="java.vm.name" value="Java HotSpot(TM) 64-Bit Server VM"/>
    <property name="localRepository" value="C:\Users\kereb\.m2\repository"/>
    <property name="java.vendor.url.bug" value="https://bugreport.java.com/bugreport/"/>
    <property name="java.io.tmpdir" value="C:\Users\kereb\AppData\Local\Temp\"/>
    <property name="java.version" value="24"/>
    <property name="user.dir" value="C:\Users\kereb\OneDrive\Documents\Java Projects\npcdialogue"/>
    <property name="os.arch" value="amd64"/>
    <property name="java.vm.specification.name" value="Java Virtual Machine Specification"/>
    <property name="sun.os.patch.level" value=""/>
    <property name="native.encoding" value="Cp1252"/>
    <property name="java.library.path" value="C:\Program Files\Java\jdk-24\bin;C:\WINDOWS\Sun\Java\bin;C:\WINDOWS\system32;C:\WINDOWS;C:\Program Files\Common Files\Oracle\Java\javapath;C:\Program Files (x86)\Common Files\Oracle\Java\java8path;C:\Program Files (x86)\Common Files\Oracle\Java\javapath;C:\Program Files (x86)\Common Files\Intel\Shared Libraries\redist\intel64\compiler;C:\Program Files\Python311\Scripts\;C:\Program Files\Python311\;C:\WINDOWS\system32;C:\WINDOWS;C:\WINDOWS\System32\Wbem;C:\WINDOWS\System32\WindowsPowerShell\v1.0\;C:\WINDOWS\System32\OpenSSH\;C:\Program Files (x86)\NVIDIA Corporation\PhysX\Common;C:\Program Files\Git\cmd;C:\Program Files\dotnet\;C:\Program Files\NVIDIA Corporation\NVIDIA app\NvDLISR;C:\apache-maven-3.9.9\bin;C:\Program Files\Java\jdk-24\bin;C:\Program Files\nodejs\;C:\Program Files\Cloudflare\Cloudflare WARP\;C:\Program Files (x86)\QuickTime\QTSystem\;C:\Users\kereb\AppData\Local\Programs\Eclipse Adoptium\jdk-8.0.452.9-hotspot\bin;C:\Users\kereb\AppData\Local\Microsoft\WindowsApps;C:\Users\kereb\AppData\Local\Programs\Microsoft VS Code\bin;C:\Users\kereb\AppData\Local\GitHubDesktop\bin;C:\Users\kereb\.lmstudio\bin;C:\Users\kereb\AppData\Roaming\npm;c:\Users\kereb\AppData\Roaming\Code\User\globalStorage\github.copilot-chat\debugCommand;."/>
    <property name="java.vm.info" value="mixed mode, sharing"/>
    <property name="stderr.encoding" value="Cp1252"/>
    <property name="java.vendor" value="Oracle Corporation"/>
    <property name="java.vm.version" value="24+36-3646"/>
    <property name="sun.io.unicode.encoding" value="UnicodeLittle"/>
    <property name="java.class.version" value="68.0"/>
  </properties>
  <testcase name="shouldAnswerWithTrue" classname="com.hedgehogkb.AppTest" time="0.003"/>
</testsuite>