<?xml version="1.0" encoding="UTF-8"?>
<testsuite xmlns:xsi="http://www.w3.org/2001/XMLSchema-instance" xsi:noNamespaceSchemaLocation="https://maven.apache.org/surefire/maven-surefire-plugin/xsd/surefire-test-report.xsd" name="com.hedgehogkb.AppTest" time="0.019" tests="1" errors="0" skipped="0" failures="0">
  <properties>
    <property name="sun.desktop" value="windows"/>
    <property name="awt.toolkit" value="sun.awt.windows.WToolkit"/>
    <property name="file.encoding.pkg" value="sun.io"/>
    <property name="java.specification.version" value="1.8"/>
    <property name="sun.cpu.isalist" value="amd64"/>
    <property name="sun.jnu.encoding" value="Cp1252"/>
    <property name="java.class.path" value="C:\Users\kereb\OneDrive\Documents\Java Projects\npcdialogue\target\test-classes;C:\Users\kereb\OneDrive\Documents\Java Projects\npcdialogue\target\classes;C:\Users\kereb\.m2\repository\junit\junit\4.11\junit-4.11.jar;C:\Users\kereb\.m2\repository\org\hamcrest\hamcrest-core\1.3\hamcrest-core-1.3.jar;C:\Users\kereb\.m2\repository\org\json\json\20250107\json-20250107.jar;"/>
    <property name="java.vm.vendor" value="Temurin"/>
    <property name="sun.arch.data.model" value="64"/>
    <property name="user.variant" value=""/>
    <property name="java.vendor.url" value="https://adoptium.net/"/>
    <property name="user.timezone" value="America/New_York"/>
    <property name="java.vm.specification.version" value="1.8"/>
    <property name="os.name" value="Windows 10"/>
    <property name="user.country" value="US"/>
    <property name="sun.java.launcher" value="SUN_STANDARD"/>
    <property name="sun.boot.library.path" value="C:\Users\kereb\AppData\Local\Programs\Eclipse Adoptium\jdk-8.0.452.9-hotspot\jre\bin"/>
    <property name="sun.java.command" value="C:\Users\kereb\AppData\Local\Temp\surefire1207916428972480091\surefirebooter5498824348236401377.jar C:\Users\kereb\AppData\Local\Temp\surefire1207916428972480091 2025-05-25T11-53-44_553-jvmRun1 surefire2394857174523952368tmp surefire_03747249176911828766tmp"/>
    <property name="surefire.test.class.path" value="C:\Users\kereb\OneDrive\Documents\Java Projects\npcdialogue\target\test-classes;C:\Users\kereb\OneDrive\Documents\Java Projects\npcdialogue\target\classes;C:\Users\kereb\.m2\repository\junit\junit\4.11\junit-4.11.jar;C:\Users\kereb\.m2\repository\org\hamcrest\hamcrest-core\1.3\hamcrest-core-1.3.jar;C:\Users\kereb\.m2\repository\org\json\json\20250107\json-20250107.jar;"/>
    <property name="sun.cpu.endian" value="little"/>
    <property name="user.home" value="C:\Users\kereb"/>
    <property name="user.language" value="en"/>
    <property name="java.specification.vendor" value="Oracle Corporation"/>
    <property name="java.home" value="C:\Users\kereb\AppData\Local\Programs\Eclipse Adoptium\jdk-8.0.452.9-hotspot\jre"/>
    <property name="basedir" value="C:\Users\kereb\OneDrive\Documents\Java Projects\npcdialogue"/>
    <property name="file.separator" value="\"/>
    <property name="line.separator" value="&#10;"/>
    <property name="java.vm.specification.vendor" value="Oracle Corporation"/>
    <property name="java.specification.name" value="Java Platform API Specification"/>
    <property name="java.awt.graphicsenv" value="sun.awt.Win32GraphicsEnvironment"/>
    <property name="surefire.real.class.path" value="C:\Users\kereb\AppData\Local\Temp\surefire1207916428972480091\surefirebooter5498824348236401377.jar"/>
    <property name="sun.boot.class.path" value="C:\Users\kereb\AppData\Local\Programs\Eclipse Adoptium\jdk-8.0.452.9-hotspot\jre\lib\resources.jar;C:\Users\kereb\AppData\Local\Programs\Eclipse Adoptium\jdk-8.0.452.9-hotspot\jre\lib\rt.jar;C:\Users\kereb\AppData\Local\Programs\Eclipse Adoptium\jdk-8.0.452.9-hotspot\jre\lib\sunrsasign.jar;C:\Users\kereb\AppData\Local\Programs\Eclipse Adoptium\jdk-8.0.452.9-hotspot\jre\lib\jsse.jar;C:\Users\kereb\AppData\Local\Programs\Eclipse Adoptium\jdk-8.0.452.9-hotspot\jre\lib\jce.jar;C:\Users\kereb\AppData\Local\Programs\Eclipse Adoptium\jdk-8.0.452.9-hotspot\jre\lib\charsets.jar;C:\Users\kereb\AppData\Local\Programs\Eclipse Adoptium\jdk-8.0.452.9-hotspot\jre\lib\jfr.jar;C:\Users\kereb\AppData\Local\Programs\Eclipse Adoptium\jdk-8.0.452.9-hotspot\jre\classes"/>
    <property name="user.script" value=""/>
    <property name="sun.management.compiler" value="HotSpot 64-Bit Tiered Compilers"/>
    <property name="java.runtime.version" value="1.8.0_452-b09"/>
    <property name="user.name" value="kereb"/>
    <property name="path.separator" value=";"/>
    <property name="os.version" value="10.0"/>
    <property name="java.endorsed.dirs" value="C:\Users\kereb\AppData\Local\Programs\Eclipse Adoptium\jdk-8.0.452.9-hotspot\jre\lib\endorsed"/>
    <property name="java.runtime.name" value="OpenJDK Runtime Environment"/>
    <property name="file.encoding" value="Cp1252"/>
    <property name="java.vm.name" value="OpenJDK 64-Bit Server VM"/>
    <property name="localRepository" value="C:\Users\kereb\.m2\repository"/>
    <property name="java.vendor.url.bug" value="https://github.com/adoptium/adoptium-support/issues"/>
    <property name="java.io.tmpdir" value="C:\Users\kereb\AppData\Local\Temp\"/>
    <property name="java.version" value="1.8.0_452"/>
    <property name="user.dir" value="C:\Users\kereb\OneDrive\Documents\Java Projects\npcdialogue"/>
    <property name="os.arch" value="amd64"/>
    <property name="java.vm.specification.name" value="Java Virtual Machine Specification"/>
    <property name="java.awt.printerjob" value="sun.awt.windows.WPrinterJob"/>
    <property name="sun.os.patch.level" value=""/>
    <property name="java.library.path" value="C:\Users\kereb\AppData\Local\Programs\Eclipse Adoptium\jdk-8.0.452.9-hotspot\jre\bin;C:\WINDOWS\Sun\Java\bin;C:\WINDOWS\system32;C:\WINDOWS;C:\Program Files\Common Files\Oracle\Java\javapath;C:\Program Files (x86)\Common Files\Oracle\Java\java8path;C:\Program Files (x86)\Common Files\Oracle\Java\javapath;C:\Program Files (x86)\Common Files\Intel\Shared Libraries\redist\intel64\compiler;C:\Program Files\Python311\Scripts\;C:\Program Files\Python311\;C:\WINDOWS\system32;C:\WINDOWS;C:\WINDOWS\System32\Wbem;C:\WINDOWS\System32\WindowsPowerShell\v1.0\;C:\WINDOWS\System32\OpenSSH\;C:\Program Files (x86)\NVIDIA Corporation\PhysX\Common;C:\Program Files\Git\cmd;C:\Program Files\dotnet\;C:\Program Files\NVIDIA Corporation\NVIDIA app\NvDLISR;C:\apache-maven-3.9.9\bin;C:\Program Files\Java\jdk1.8.0_202\bin;C:\Program Files\nodejs\;C:\Program Files\Cloudflare\Cloudflare WARP\;C:\Program Files (x86)\QuickTime\QTSystem\;C:\Users\kereb\AppData\Local\Programs\Eclipse Adoptium\jdk-8.0.452.9-hotspot\bin;C:\Users\kereb\AppData\Local\Microsoft\WindowsApps;C:\Users\kereb\AppData\Local\Programs\Microsoft VS Code\bin;C:\Users\kereb\AppData\Local\GitHubDesktop\bin;C:\Users\kereb\.lmstudio\bin;C:\Users\kereb\AppData\Roaming\npm;c:\Users\kereb\AppData\Roaming\Code\User\globalStorage\github.copilot-chat\debugCommand;."/>
    <property name="java.vm.info" value="mixed mode"/>
    <property name="java.vendor" value="Temurin"/>
    <property name="java.vm.version" value="25.452-b09"/>
    <property name="java.specification.maintenance.version" value="6"/>
    <property name="java.ext.dirs" value="C:\Users\kereb\AppData\Local\Programs\Eclipse Adoptium\jdk-8.0.452.9-hotspot\jre\lib\ext;C:\WINDOWS\Sun\Java\lib\ext"/>
    <property name="sun.io.unicode.encoding" value="UnicodeLittle"/>
    <property name="java.class.version" value="52.0"/>
  </properties>
  <testcase name="shouldAnswerWithTrue" classname="com.hedgehogkb.AppTest" time="0.002"/>
</testsuite>